1260101000000000000
1260102000000000000
1260103000000000000
1260104000000000000
1260105000000000000
1260106000000000000
1260107000000000000
1260108000000000000
1260109000000000000
1260110000000000000
1260111000000000000
1260112000000000000
1260113000000000000
1260114000000000000
1260115000000000000
1260116000000000000
1260117000000000000
1260118000000000000
1260119000000000000
1260120000000000000
1260201000000000000
1260202000000000000
1260203000000000000
1260204000000000000
1260205000000000000
1260206000000000000
1260207000000000000
1260208000000000000
1260209000000000000
1260210000000000000
1260211000000000000
1260212000000000000
1260213000000000000
1260214000000000000
1260215000000000000
1260216000000000000
1260217000000000000
1260218000000000000
1260219000000000000
1260220000000000000
1260221000000000000
1260222000000000000
1260223000000000000
1260224000000000000
1260225000000000000
1260226000000000000
1260227000000000000
1260228000000000000
1260229000000000000
1260230000000000000
1260231000000000000
1260232000000000000
1260233000000000000
1260234000000000000
1260235000000000000
1260236000000000000
1260237000000000000
1260238000000000000
1260239000000000000
1260240000000000000
1260241000000000000
1260242000000000000
1260243000000000000
1260244000000000000
1260401000000000000
1260402000000000000
1260403000000000000
1260404000000000000
1260405000000000000
1260406000000000000
1260407000000000000
1260408000000000000
1260409000000000000
1260410000000000000
1260411000000000000
1260412000000000000
1260413000000000000
1260414000000000000
1260415000000000000
1260416000000000000
1260417000000000000
1260418000000000000
1260419000000000000
1260420000000000000
1260421000000000000
1260422000000000000
1260423000000000000
1260424000000000000
1260425000000000000
1260426000000000000
1260427000000000000
1260428000000000000
1260429000000000000
1260430000000000000
1260431000000000000
1260432000000000000
1260433000000000000
1260434000000000000
1260435000000000000
1260436000000000000
1260437000000000000
1260438000000000000
1260439000000000000
1260440000000000000
1260441000000000000
1260442000000000000
1260801000000000000
1260802000000000000
1260803000000000000
1260804000000000000
1260805000000000000
1260806000000000000
1260807000000000000
1260808000000000000
1260809000000000000
1260810000000000000