1987年第1期		1689	
1987年第1期		1690	
1987年第1期		1691	
1987年第1期		1692	
1987年第1期		1693	
1987年第1期		1694	
1987年第1期		1695	
1987年第1期		1696	
1987年第1期		1697	
1987年第1期		1698	
1987年第1期		1699	
1987年第1期		1700	
1987年第1期		1701	
1987年第1期		1702	
1987年第1期		1703	
1987年第2期		1736	
1987年第2期		1739	
1987年第2期		1742	
1987年第2期		1745	
1987年第2期		1746	
1987年第2期		1748	
1987年第2期		1750	
1987年第2期		1752	
1987年第2期		1755	
1987年第2期		1757	
1987年第2期		1760	
1987年第2期		1762	
1987年第2期		1765	
1987年第2期		1767	
1987年第2期		1770	
1987年第2期		1773	
1987年第2期		1776	
1987年第2期		1780	
1987年第2期		1783	
1987年第2期		1785	
1987年第2期		1787	
1987年第2期		1789	
1987年第2期		1793	
1987年第2期		1796	
1987年第2期		1799	
1987年第2期		1803	
1987年第2期		1805	
1987年第3期		1810	
1987年第3期		1814	
1987年第3期		1817	
1987年第3期		1820	
1987年第3期		1821	
1987年第3期		1824	
1987年第3期		1827	
1987年第3期		1830	
1987年第3期		1833	
1987年第3期		1835	
1987年第3期		1839	
1987年第3期		1841	
1987年第3期		1844	
1987年第3期		1846	
1987年第3期		1849	
1987年第3期		1851	
1987年第3期		1854	
1987年第3期		1857	
1987年第3期		1860	
1987年第3期		1863	
1987年第3期		1866	
1987年第3期		1872	
1987年第3期		1876	
1987年第3期		1880	
1987年第4期		1884	
1987年第4期		1886	
1987年第4期		1888	
1987年第4期		1892	
1987年第4期		1895	
1987年第4期		1899	
1987年第4期		1903	
1987年第4期		1905	
1987年第4期		1911	
1987年第4期		1914	
1987年第4期		1916	
1987年第4期		1919	
1987年第4期		1924	
1987年第4期		1927	
1987年第4期		1930	
1987年第4期		1937	
1987年第4期		1940	
1987年第4期		1943	
1987年第4期		1945	
1987年第4期		1948	
1987年第4期		1951	
1987年第4期		1955	
1987年第4期		1959	
1988年第1期		1964	
1988年第1期		1968	
1988年第1期		1973	
1988年第1期		1974	
1988年第1期		1975	
1988年第1期		1976	
1988年第1期		1977	
1988年第1期		1980	
1988年第1期		1987	
1988年第1期		1990	
1988年第1期		1994	
1988年第1期		1997	
1988年第1期		2000	
1988年第1期		2004	
1988年第1期		2011	
1988年第1期		2014	
1988年第1期		2016	
1988年第1期		2019	
1988年第1期		2022	
1988年第1期		2024	
1988年第1期		2041	
1988年第1期		2042	
1988年第1期		2045	
1988年第1期		2047	
1988年第1期		2050	
1988年第1期		2053	
1988年第1期		2056	
1988年第1期		2058	
1988年第2期		2063	
1988年第2期		2066	
1988年第2期		2069	
1988年第2期		2072	
1988年第2期		2074	
1988年第2期		2077	
1988年第2期		2080	
1988年第2期		2082	
1988年第2期		2096	
1988年第2期		2099	
1988年第2期		2102	
1988年第2期		2104	
1988年第2期		2106	
1988年第2期		2110	
1988年第2期		2112	
1988年第2期		2115	
1988年第2期		2117	
1988年第2期		2119	
1988年第2期		2122	
1988年第2期		2125	
1988年第2期		2129	
1988年第2期		2132	
1988年第2期		2134	
1988年第2期		2137	
1988年第2期		2140	
1988年第2期		2143	
1988年第3期		2154	
1988年第3期		2155	
1988年第3期		2156	
1988年第3期		2159	
1988年第3期		2160	
1988年第3期		2162	
1988年第3期		2164	
1988年第3期		2168	
1988年第3期		2170	
1988年第3期		2175	
1988年第3期		2177	
1988年第3期		2179	
1988年第3期		2182	
1988年第3期		2184	
1988年第3期		2187	
1988年第3期		2190	
1988年第3期		2193	
1988年第3期		2195	
1988年第3期		2198	
1988年第3期		2200	
1988年第3期		2203	
1988年第3期		2207	
1988年第3期		2208	
1988年第4期		2213	
1988年第4期		2215	
1988年第4期		2216	
1988年第4期		2219	
1988年第4期		2221	
1988年第4期		2223	
1988年第4期		2224	
1988年第4期		2226	
1988年第4期		2228	
1988年第4期		2230	
1988年第4期		2232	
1988年第4期		2234	
1988年第4期		2236	
1988年第4期		2238	
1988年第4期		2240	
1988年第4期		2243	
1988年第4期		2245	
1988年第4期		2246	
1988年第4期		2248	
1988年第4期		2250	
1988年第4期		2251	
1988年第4期		2253	
1988年第4期		2255	
1988年第4期		2256	
1988年第4期		2258	
1988年第4期		2260	
1988年第4期		2262	
1988年第4期		2263	
1988年第4期		2264	
1988年第4期		2266	
1988年第4期		2268	
1988年第4期		2270	
1988年第4期		2271	
1988年第4期		2273	
1988年第4期		2275	
1988年第4期		2277	
1988年第4期		2278	
1988年第4期		2280	
1988年第4期		2282	
1988年第4期		2283	
1988年第4期		2285	
1989年第1期		2520	
1989年第1期		2521	
1989年第1期		2522	
1989年第1期		2523	
1989年第1期		2524	
1989年第1期		2525	
1989年第1期		2526	
1989年第1期		2527	
1989年第1期		2528	
1989年第1期		2529	
1989年第1期		2530	
1989年第1期		2531	
1989年第1期		2532	
1989年第1期		2533	
1989年第1期		2534	
1989年第1期		2535	
1989年第1期		2536	
1989年第1期		2537	
1989年第1期		2538	
1989年第1期		2539	
1989年第1期		2540	
1989年第1期		2541	
1989年第1期		2542	
1989年第1期		2543	
1989年第2期		2544	
1989年第2期		2545	
1989年第2期		2546	
1989年第2期		2547	
1989年第2期		2548	
1989年第2期		2549	
1989年第2期		2550	
1989年第2期		2551	
1989年第2期		2552	
1989年第2期		2553	
1989年第2期		2554	
1989年第2期		2555	
1989年第2期		2556	
1989年第2期		2557	
1989年第2期		2558	
1989年第2期		2559	
1989年第2期		2560	
1989年第2期		2561	
1989年第2期		2562	
1989年第2期		2563	
1989年第2期		2564	
1989年第2期		2565	
1989年第2期		2566	
1989年第2期		2567	
1989年第2期		2568	
1989年第3期		2569	
1989年第3期		2570	
1989年第3期		2571	
1989年第3期		2572	
1989年第3期		2573	
1989年第3期		2574	
1989年第3期		2575	
1989年第3期		2576	
1989年第3期		2577	
1989年第3期		2578	
1989年第3期		2579	
1989年第3期		2580	
1989年第3期		2581	
1989年第3期		2582	
1989年第3期		2583	
1989年第3期		2584	
1989年第3期		2585	
1989年第3期		2586	
1989年第3期		2587	
1989年第3期		2588	
1989年第3期		2589	
1989年第3期		2590	
1989年第3期		2591	
1989年第3期		2592	
1989年第4期		2593	
1989年第4期		2594	
1989年第4期		2595	
1989年第4期		2596	
1989年第4期		2597	
1989年第4期		2598	
1989年第4期		2599	
1989年第4期		2600	
1989年第4期		2601	
1989年第4期		2602	
1989年第4期		2603	
1989年第4期		2604	
1989年第4期		2605	
1989年第4期		2606	
1989年第4期		2607	
1989年第4期		2608	
1989年第4期		2609	
1989年第4期		2610	
1989年第4期		2611	
1989年第4期		2612	
1989年第4期		2613	
1989年第4期		2614	
1989年第4期		2615	
1989年第4期		2616	
1989年第4期		2617	
1989年第4期		2618	
1989年第4期		2619	
1989年第4期		2620	
1989年第4期		2621	
1989年第4期		2622	
1989年第4期		2623	
1990年第1期		2624	
1990年第1期		2625	
1990年第1期		2626	
1990年第1期		2627	
1990年第1期		2628	
1990年第1期		2629	
1990年第1期		2630	
1990年第1期		2631	
1990年第1期		2632	
1990年第1期		2633	
1990年第1期		2634	
1990年第1期		2635	
1990年第1期		2636	
1990年第1期		2637	
1990年第1期		2638	
1990年第1期		2639	
1990年第1期		2640	
1990年第1期		2641	
1990年第1期		2642	
1990年第1期		2643	
1990年第1期		2644	
1990年第1期		2645	
1990年第1期		2646	
1990年第1期		2647	
1990年第1期		2648	
1990年第1期		2649	
1990年第1期		2650	
1990年第1期		2651	
1990年第1期		2652	
1990年第1期		2653	
1990年第1期		2654	
1990年第2期		2655	
1990年第2期		4229	
1990年第2期		4230	
1990年第2期		4231	
1990年第2期		4232	
1990年第2期		4233	
1990年第2期		4234	
1990年第2期		4235	
1990年第2期		4236	
1990年第2期		4237	
1990年第2期		4238	
1990年第2期		4239	
1990年第2期		4242	
1990年第2期		4243	
1990年第2期		4244	
1990年第2期		4247	
1990年第2期		4248	
1990年第2期		4249	
1990年第2期		4250	
1990年第2期		4253	
1990年第2期		4254	
1990年第2期		4260	
1990年第2期		4261	
1990年第2期		4262	
1990年第3期		2656	
1990年第3期		6379	
1990年第3期		6380	
1990年第3期		6381	
1990年第3期		6382	
1990年第3期		6383	
1990年第3期		6384	
1990年第3期		6385	
1990年第3期		6386	
1990年第3期		6387	
1990年第3期		6388	
1990年第3期		6389	
1990年第3期		6390	
1990年第3期		6391	
1990年第3期		6393	
1990年第4期		2657	
1991年第1期		2658	
1991年第1期		6411	
1991年第1期		6412	
1991年第1期		6413	
1991年第1期		6414	
1991年第1期		6415	
1991年第1期		6416	
1991年第1期		6420	
1991年第1期		6421	
1991年第1期		6422	
1991年第1期		6423	
1991年第1期		6424	
1991年第1期		6425	
1991年第1期		6426	
1991年第1期		6427	
1991年第1期		6428	
1991年第1期		6431	
1991年第1期		6433	
1991年第1期		6434	
1991年第1期		6435	
1991年第1期		6436	
1991年第1期		6437	
1991年第1期		6438	
1991年第1期		6439	
1991年第1期		6440	
1991年第1期		6441	
1991年第1期		6442	
1991年第1期		6443	
1991年第1期		6444	
1991年第1期		6445	
1991年第1期		6446	
1991年第1期		6447	
1991年第1期		6448	
1991年第1期		6449	
1991年第1期		6452	
1991年第1期		6453	
1991年第2期		2659	
1991年第2期		6497	
1991年第2期		6498	
1991年第2期		6499	
1991年第2期		6500	
1991年第2期		6501	
1991年第2期		6502	
1991年第2期		6503	
1991年第2期		6504	
1991年第2期		6505	
1991年第2期		6506	
1991年第2期		6507	
1991年第2期		6508	
1991年第2期		6509	
1991年第2期		6510	
1991年第2期		6511	
1991年第2期		6512	
1991年第2期		6513	
1991年第2期		6514	
1991年第2期		6516	
1991年第2期		6517	
1991年第2期		6518	
1991年第2期		6519	
1991年第2期		6520	
1991年第2期		6521	
1991年第2期		6522	
1991年第2期		6523	
1991年第2期		6524	
1991年第2期		6525	
1991年第2期		6526	
1991年第2期		6527	
1991年第2期		6528	
1991年第2期		6529	
1991年第2期		6530	
1991年第2期		6531	
1991年第2期		6532	
1991年第2期		6533	
1991年第2期		6534	
1991年第2期		6535	
1991年第2期		6536	
1991年第2期		6537	
1991年第3期		2660	
1991年第3期		6543	
1991年第3期		6544	
1991年第3期		6545	
1991年第3期		6546	
1991年第3期		6547	
1991年第3期		6548	
1991年第3期		6549	
1991年第3期		6550	
1991年第3期		6551	
1991年第3期		6552	
1991年第3期		6553	
1991年第3期		6554	
1991年第3期		6555	
1991年第3期		6556	
1991年第3期		6557	
1991年第3期		6558	
1991年第3期		6559	
1991年第3期		6560	
1991年第3期		6561	
1991年第3期		6562	
1991年第3期		6563	
1991年第3期		6564	
1991年第3期		6565	
1991年第3期		6566	
1991年第3期		6567	
1991年第3期		6568	
1991年第3期		6569	
1991年第3期		6570	
1991年第4期		2661	
1991年第4期		6575	
1991年第4期		6576	
1991年第4期		6577	
1991年第4期		6578	
1991年第4期		6579	
1991年第4期		6580	
1991年第4期		6581	
1991年第4期		6582	
1991年第4期		6583	
1991年第4期		6584	
1991年第4期		6585	
1991年第4期		6586	
1991年第4期		6587	
1991年第4期		6588	
1991年第4期		6589	
1991年第4期		6590	
1991年第4期		6591	
1991年第4期		6592	
1991年第4期		6593	
1991年第4期		6594	
1991年第4期		6595	
1991年第4期		6596	
1991年第4期		6597	
1991年第4期		6598	
1991年第4期		6599	
1991年第4期		6600	
1991年第4期		6601	
1991年第4期		6602	
1991年第4期		6603	
1991年第4期		6604	
1991年第4期		6605	
1992年第1期		2662	
1992年第1期		6618	
1992年第1期		6619	
1992年第1期		6620	
1992年第1期		6621	
1992年第1期		6622	
1992年第1期		6623	
1992年第1期		6624	
1992年第1期		6625	
1992年第1期		6626	
1992年第1期		6627	
1992年第1期		6628	
1992年第1期		6631	
1992年第1期		6632	
1992年第1期		6633	
1992年第1期		6634	
1992年第1期		6635	
1992年第1期		6636	
1992年第1期		6637	
1992年第1期		6638	
1992年第1期		6639	
1992年第1期		6640	
1992年第1期		6641	
1992年第1期		6642	
1992年第1期		6643	
1992年第1期		6644	
1992年第1期		6645	
1992年第1期		6646	
1992年第1期		6647	
1992年第1期		6648	
1992年第1期		6649	
1992年第1期		6650	
1992年第1期		6651	
1992年第1期		6652	
1992年第1期		6653	
1992年第1期		6654	
1992年第1期		6655	
1992年第1期		6656	
1992年第2期		2664	
1992年第3期		2663	
1992年第3期		6668	
1992年第3期		6669	
1992年第3期		6670	
1992年第3期		6671	
1992年第3期		6672	
1992年第3期		6673	
1992年第3期		6674	
1992年第3期		6675	
1992年第3期		6676	
1992年第3期		6677	
1992年第3期		6678	
1992年第3期		6679	
1992年第3期		6680	
1992年第3期		6681	
1992年第3期		6682	
1992年第3期		6683	
1992年第3期		6684	
1992年第3期		6685	
1992年第3期		6687	
1992年第3期		6688	
1992年第3期		6689	
1992年第3期		6690	
1992年第3期		6691	
1992年第3期		6692	
1992年第3期		6693	
1992年第3期		6694	
1992年第3期		6695	
1992年第3期		6696	
1992年第3期		6697	
1992年第3期		6698	
1992年第3期		6699	
1992年第3期		6700	
1992年第3期		6701	
1992年第3期		6702	
1992年第3期		6703	
1992年第3期		6704	
1992年第3期		6705	
1992年第3期		6706	
1992年第4期		2665	
1992年第4期		6815	
1992年第4期		6816	
1992年第4期		6817	
1992年第4期		6818	
1992年第4期		6819	
1992年第4期		6820	
1992年第4期		6821	
1992年第4期		6822	
1992年第4期		6823	
1992年第4期		6824	
1992年第4期		6825	
1992年第4期		6826	
1992年第4期		6828	
1992年第4期		6829	
1992年第4期		6830	
1992年第4期		6831	
1992年第4期		6832	
1992年第4期		6833	
1992年第4期		6834	
1992年第4期		6835	
1992年第4期		6836	
1992年第4期		6837	
1992年第4期		6838	
1992年第4期		6839	
1992年第4期		6840	
1992年第4期		6841	
1992年第4期		6842	
1992年第4期		6843	
1992年第4期		6844	
1992年第4期		6845	
1992年第4期		6846	
1992年第4期		6847	
1992年第4期		6848	
1992年第4期		6849	
1993年第1期		2666	
1993年第1期		6944	
1993年第1期		6945	
1993年第1期		6946	
1993年第1期		6947	
1993年第1期		6948	
1993年第1期		6949	
1993年第1期		6950	
1993年第1期		6951	
1993年第1期		6952	
1993年第1期		6953	
1993年第1期		6954	
1993年第1期		6955	
1993年第1期		6956	
1993年第1期		6957	
1993年第1期		6959	
1993年第1期		6960	
1993年第1期		6961	
1993年第1期		6962	
1993年第1期		6963	
1993年第1期		6964	
1993年第1期		6965	
1993年第1期		6966	
1993年第1期		6967	
1993年第2期		2667	
1993年第3期		2668	
1993年第4期		2669	
1994年第1期		2670	
1994年第1期		2671	
1994年第1期		2672	
1994年第1期		2673	
1994年第1期		2674	
1994年第1期		2675	
1994年第1期		2676	
1994年第1期		2677	
1994年第1期		2678	
1994年第1期		2679	
1994年第1期		2680	
1994年第1期		2681	
1994年第1期		2682	
1994年第1期		2683	
1994年第1期		2684	
1994年第1期		2685	
1994年第1期		2686	
1994年第1期		2687	
1994年第1期		2688	
1994年第1期		2689	
1994年第1期		2690	
1994年第1期		2691	
1994年第1期		2692	
1994年第1期		2693	
1994年第1期		2694	
1994年第1期		2695	
1994年第1期		2696	
1994年第1期		2697	
1994年第1期		2698	
1994年第1期		2699	
1994年第1期		2700	
1994年第1期		2701	
1994年第1期		2702	
1994年第1期		2703	
1994年第1期		2704	
1994年第1期		2705	
1994年第1期		2706	
1994年第1期		2707	
1994年第1期		2708	
1994年第1期		2709	
1994年第1期		2710	
1994年第2期		2711	
1994年第2期		2712	
1994年第2期		2713	
1994年第2期		2714	
1994年第2期		2715	
1994年第2期		2716	
1994年第2期		2717	
1994年第2期		2718	
1994年第2期		2719	
1994年第2期		2720	
1994年第2期		2721	
1994年第2期		2722	
1994年第2期		2723	
1994年第2期		2724	
1994年第2期		2725	
1994年第2期		2726	
1994年第2期		2727	
1994年第2期		2728	
1994年第2期		2729	
1994年第2期		2730	
1994年第2期		2731	
1994年第2期		2732	
1994年第2期		2733	
1994年第2期		2734	
1994年第2期		2735	
1994年第2期		2736	
1994年第2期		2737	
1994年第2期		2738	
1994年第2期		2739	
1994年第2期		2740	
1994年第2期		2741	
1994年第2期		2742	
1994年第2期		2743	
1994年第2期		2744	
1994年第2期		2745	
1994年第2期		2746	
1994年第2期		2747	
1994年第2期		2748	
1994年第2期		2749	
1994年第2期		2750	
1994年第2期		2751	
1994年第2期		2752	
1994年第2期		2753	
1994年第2期		2754	
1994年第2期		2755	
1994年第2期		2756	
1994年第2期		2757	
1994年第2期		2758	
1994年第2期		2759	
1994年第2期		2760	
1994年第2期		2761	
1994年第2期		2762	
1994年第3期		2763	
1994年第3期		2764	
1994年第3期		2765	
1994年第3期		2766	
1994年第3期		2767	
1994年第3期		2768	
1994年第3期		2769	
1994年第3期		2770	
1994年第3期		2771	
1994年第3期		2772	
1994年第3期		2773	
1994年第3期		2774	
1994年第3期		2775	
1994年第3期		2776	
1994年第3期		2777	
1994年第3期		2778	
1994年第3期		2779	
1994年第3期		2780	
1994年第3期		2781	
1994年第3期		2782	
1994年第3期		2783	
1994年第3期		2784	
1994年第3期		2785	
1994年第3期		2786	
1994年第3期		2787	
1994年第3期		2788	
1994年第3期		2789	
1994年第3期		2790	
1994年第3期		2791	
1994年第3期		2792	
1994年第3期		2793	
1994年第3期		2794	
1994年第3期		2795	
1994年第3期		2796	
1994年第3期		2797	
1994年第3期		2798	
1994年第3期		2799	
1994年第3期		2800	
1994年第3期		2801	
1994年第3期		2802	
1994年第3期		2803	
1994年第3期		2804	
1994年第3期		2805	
1994年第3期		2806	
1994年第3期		2807	
1994年第3期		2808	
1994年第3期		2809	
1994年第3期		2810	
1994年第3期		2811	
1994年第3期		2812	
1994年第4期		2813	
1994年第4期		2814	
1994年第4期		2815	
1994年第4期		2816	
1994年第4期		2817	
1994年第4期		2818	
1994年第4期		2819	
1994年第4期		2820	
1994年第4期		2821	
1994年第4期		2822	
1994年第4期		2823	
1994年第4期		2824	
1994年第4期		2825	
1994年第4期		2826	
1994年第4期		2827	
1994年第4期		2828	
1994年第4期		2829	
1994年第4期		2830	
1994年第4期		2831	
1994年第4期		2832	
1994年第4期		2833	
1994年第4期		2834	
1994年第4期		2835	
1994年第4期		2836	
1994年第4期		2837	
1994年第4期		2838	
1994年第4期		2839	
1994年第4期		2840	
1994年第4期		2841	
1994年第4期		2842	
1994年第4期		2843	
1994年第4期		2844	
1994年第4期		2845	
1994年第4期		2846	
1994年第4期		2847	
1994年第4期		2848	
1994年第4期		2849	
1994年第4期		2850	
1994年第4期		2851	
1994年第4期		2852	
1994年第4期		2853	
1994年第4期		2854	
1994年第4期		2855	
1994年第4期		2856	
1994年第4期		2857	
1995年第1期		2858	
1995年第1期		2859	
1995年第1期		2860	
1995年第1期		2861	
1995年第1期		2862	
1995年第1期		2863	
1995年第1期		2864	
1995年第1期		2865	
1995年第1期		2866	
1995年第1期		2867	
1995年第1期		2868	
1995年第1期		2869	
1995年第1期		2870	
1995年第1期		2871	
1995年第1期		2872	
1995年第1期		2873	
1995年第1期		2874	
1995年第1期		2875	
1995年第1期		2876	
1995年第1期		2877	
1995年第1期		2878	
1995年第1期		2879	
1995年第1期		2880	
1995年第1期		2881	
1995年第1期		2882	
1995年第1期		2883	
1995年第1期		2884	
1995年第1期		2885	
1995年第1期		2886	
1995年第1期		2887	
1995年第1期		2888	
1995年第1期		2889	
1995年第1期		2890	
1995年第1期		2891	
1995年第1期		2892	
1995年第1期		2893	
1995年第1期		2894	
1995年第1期		2895	
1995年第1期		2896	
1995年第1期		2897	
1995年第1期		2898	
1995年第1期		2899	
1995年第1期		2900	
1995年第1期		2901	
1995年第1期		2902	
1995年第1期		2903	
1995年第1期		2904	
1995年第1期		2905	
1995年第1期		2906	
1995年第1期		2907	
1995年第1期		2908	
1995年第1期		2909	
1995年第1期		2910	
1995年第1期		2911	
1995年第1期		2912	
1995年第2期		2913	
1995年第2期		2914	
1995年第2期		2915	
1995年第2期		2916	
1995年第2期		2917	
1995年第2期		2918	
1995年第2期		2919	
1995年第2期		2920	
1995年第2期		2921	
1995年第2期		2922	
1995年第2期		2923	
1995年第2期		2924	
1995年第2期		2925	
1995年第2期		2926	
1995年第2期		2927	
1995年第2期		2928	
1995年第2期		2929	
1995年第2期		2930	
1995年第2期		2931	
1995年第2期		2932	
1995年第2期		2933	
1995年第2期		2934	
1995年第2期		2935	
1995年第2期		2936	
1995年第2期		2937	
1995年第2期		2938	
1995年第2期		2939	
1995年第2期		2940	
1995年第2期		2941	
1995年第2期		2942	
1995年第2期		2943	
1995年第2期		2944	
1995年第2期		2945	
1995年第2期		2946	
1995年第3期		2947	
1995年第3期		2948	
1995年第3期		2949	
1995年第3期		2951	
1995年第3期		2952	
1995年第3期		2953	
1995年第3期		2954	
1995年第3期		2955	
1995年第3期		2956	
1995年第3期		2957	
1995年第3期		2958	
1995年第3期		2959	
1995年第3期		2960	
1995年第3期		2961	
1995年第3期		2962	
1995年第3期		2963	
1995年第3期		2964	
1995年第3期		2965	
1995年第3期		2966	
1995年第3期		2967	
1995年第3期		2968	
1995年第3期		2969	
1995年第3期		2970	
1995年第3期		2971	
1995年第3期		2972	
1995年第3期		2973	
1995年第3期		2974	
1995年第3期		2975	
1995年第3期		2976	
1995年第3期		2977	
1995年第3期		2978	
1995年第3期		2979	
1995年第3期		2980	
1995年第3期		2981	
1995年第3期		2982	
1995年第3期		2983	
1995年第3期		2984	
1995年第3期		2985	
1995年第3期		2986	
1995年第3期		2987	
1995年第3期		2988	
1995年第3期		2989	
1995年第3期		2990	
1995年第3期		2991	
1995年第3期		2992	
1995年第3期		2993	
1995年第3期		2994	
1995年第3期		2995	
1995年第3期		2996	
1995年第3期		2997	
1995年第3期		2998	
1995年第3期		2999	
1995年第3期		3000	
1995年第3期		3001	
1995年第3期		3002	
1995年第3期		3003	
1995年第3期		3004	
1995年第4期		3005	
1995年第4期		3006	
1995年第4期		3007	
1995年第4期		3008	
1995年第4期		3009	
1995年第4期		3010	
1995年第4期		3011	
1995年第4期		3012	
1995年第4期		3013	
1995年第4期		3014	
1995年第4期		3015	
1995年第4期		3016	
1995年第4期		3017	
1995年第4期		3018	
1995年第4期		3019	
1995年第4期		3020	
1995年第4期		3021	
1995年第4期		3022	
1995年第4期		3023	
1995年第4期		3024	
1995年第4期		3025	
1995年第4期		3026	
1995年第4期		3027	
1995年第4期		3028	
1995年第4期		3029	
1995年第4期		3030	
1995年第4期		3031	
1995年第4期		3032	
1995年第4期		3033	
1995年第4期		3034	
1995年第4期		3035	
1995年第4期		3036	
1995年第4期		3037	
1995年第4期		3038	
1995年第4期		3039	
1995年第4期		3040	
1995年第4期		3041	
1995年第4期		3042	
1995年第4期		3043	
1995年第4期		3044	
1995年第4期		3045	
1995年第4期		3046	
1995年第4期		3047	
1995年第4期		3048	
1996年第1期		3049	
1996年第1期		3050	
1996年第1期		3051	
1996年第1期		3052	
1996年第1期		3053	
1996年第1期		3054	
1996年第1期		3055	
1996年第1期		3056	
1996年第1期		3057	
1996年第1期		3058	
1996年第1期		3059	
1996年第1期		3060	
1996年第1期		3061	
1996年第1期		3062	
1996年第1期		3063	
1996年第1期		3064	
1996年第1期		3065	
1996年第1期		3066	
1996年第1期		3067	
1996年第1期		3068	
1996年第1期		3069	
1996年第1期		3070	
1996年第1期		3071	
1996年第1期		3072	
1996年第1期		3073	
1996年第1期		3074	
1996年第1期		3075	
1996年第1期		3076	
1996年第1期		3077	
1996年第1期		3078	
1996年第1期		3079	
1996年第1期		3080	
1996年第1期		3081	
1996年第1期		3082	
1996年第1期		3083	
1996年第1期		3084	
1996年第1期		3085	
1996年第1期		3086	
1996年第1期		3087	
1996年第1期		3088	
1996年第1期		3089	
1996年第1期		3090	
1996年第1期		3091	
1996年第1期		3092	
1996年第2期		3093	
1996年第2期		3094	
1996年第2期		3095	
1996年第2期		3096	
1996年第2期		3097	
1996年第2期		3098	
1996年第2期		3099	
1996年第2期		3100	
1996年第2期		3101	
1996年第2期		3102	
1996年第2期		3103	
1996年第2期		3104	
1996年第2期		3105	
1996年第2期		3106	
1996年第2期		3107	
1996年第2期		3108	
1996年第2期		3109	
1996年第2期		3110	
1996年第2期		3111	
1996年第2期		3112	
1996年第2期		3113	
1996年第2期		3114	
1996年第2期		3115	
1996年第2期		3116	
1996年第2期		3117	
1996年第2期		3118	
1996年第2期		3119	
1996年第2期		3120	
1996年第2期		3121	
1996年第2期		3122	
1996年第2期		3123	
1996年第2期		3124	
1996年第2期		3125	
1996年第2期		3126	
1996年第2期		3127	
1996年第2期		3128	
1996年第2期		3129	
1996年第2期		3130	
1996年第2期		3131	
1996年第2期		3132	
1996年第3期		3133	
1996年第3期		3134	
1996年第3期		3135	
1996年第3期		3136	
1996年第3期		3137	
1996年第3期		3138	
1996年第3期		3139	
1996年第3期		3140	
1996年第3期		3141	
1996年第3期		3142	
1996年第3期		3143	
1996年第3期		3144	
1996年第3期		3145	
1996年第3期		3146	
1996年第3期		3147	
1996年第3期		3148	
1996年第3期		3149	
1996年第3期		3150	
1996年第3期		3151	
1996年第3期		3152	
1996年第3期		3153	
1996年第3期		3154	
1996年第3期		3155	
1996年第3期		3156	
1996年第3期		3157	
1996年第3期		3158	
1996年第3期		3159	
1996年第3期		3160	
1996年第3期		3161	
1996年第3期		3162	
1996年第3期		3163	
1996年第3期		3164	
1996年第3期		3165	
1996年第3期		3166	
1996年第3期		3167	
1996年第3期		3168	
1996年第3期		3169	
1996年第3期		3170	
1996年第3期		3171	
1996年第3期		3172	
1996年第3期		3173	
1996年第3期		3174	
1996年第4期		3175	
1996年第4期		3176	
1996年第4期		3177	
1996年第4期		3178	
1996年第4期		3179	
1996年第4期		3180	
1996年第4期		3181	
1996年第4期		3182	
1996年第4期		3183	
1996年第4期		3184	
1996年第4期		3185	
1996年第4期		3186	
1996年第4期		3187	
1996年第4期		3188	
1996年第4期		3189	
1996年第4期		3190	
1996年第4期		3191	
1996年第4期		3192	
1996年第4期		3193	
1996年第4期		3194	
1996年第4期		3195	
1996年第4期		3196	
1996年第4期		3197	
1996年第4期		3198	
1996年第4期		3199	
1996年第4期		3200	
1996年第4期		3201	
1996年第4期		3202	
1996年第4期		3203	
1996年第4期		3204	
1996年第4期		3205	
1996年第4期		3206	
1996年第4期		3207	
1996年第4期		3208	
1996年第4期		3209	
1996年第4期		3210	
1996年第4期		3211	
1996年第4期		3212	
1996年第4期		3213	
1996年第4期		3214	
1997年第1期		3215	
1997年第1期		3216	
1997年第1期		3217	
1997年第1期		3218	
1997年第1期		3219	
1997年第1期		3220	
1997年第1期		3221	
1997年第1期		3222	
1997年第1期		3223	
1997年第1期		3224	
1997年第1期		3225	
1997年第1期		3226	
1997年第1期		3227	
1997年第1期		3228	
1997年第1期		3229	
1997年第1期		3230	
1997年第1期		3231	
1997年第1期		3232	
1997年第1期		3233	
1997年第1期		3234	
1997年第1期		3235	
1997年第1期		3236	
1997年第1期		3237	
1997年第1期		3238	
1997年第1期		3239	
1997年第1期		3240	
1997年第1期		3241	
1997年第1期		3242	
1997年第1期		3243	
1997年第1期		3244	
1997年第1期		3245	
1997年第1期		3246	
1997年第1期		3247	
1997年第2期		3248	
1997年第2期		3249	
1997年第2期		3250	
1997年第2期		3251	
1997年第2期		3252	
1997年第3期		3253	
1997年第3期		3254	
1997年第4期		3255	
1997年第4期		3256	
2004年第1期		1704	
2004年第1期		1705	
2004年第1期		1706	
2004年第1期		1707	
2004年第1期		1708	
2004年第1期		1709	
2004年第1期		1711	
2004年第1期		1712	
2004年第1期		1714	
2004年第1期		1716	
2004年第1期		1717	
2004年第1期		1719	
2004年第1期		1720	
2004年第1期		1722	
2004年第1期		1724	
2004年第1期		1725	
2004年第1期		1727	
2004年第1期		1728	
2004年第1期		1730	
2004年第1期		1731	
2004年第1期		1732	
2004年第1期		1733	
2004年第1期		1734	
2004年第1期		1735	
2004年第1期		1737	
2004年第1期		1738	
2004年第1期		1740	
2004年第1期		1741	
2004年第1期		1743	
2004年第1期		1744	
2004年第2期		1747	
2004年第2期		1749	
2004年第2期		1751	
2004年第2期		1753	
2004年第2期		1754	
2004年第2期		1756	
2004年第2期		1758	
2004年第2期		1759	
2004年第2期		1761	
2004年第2期		1763	
2004年第2期		1764	
2004年第2期		1766	
2004年第2期		1768	
2004年第2期		1769	
2004年第2期		1771	
2004年第2期		1772	
2004年第2期		1774	
2004年第2期		1775	
2004年第2期		1777	
2004年第2期		1778	
2004年第2期		1779	
2004年第2期		1781	
2004年第2期		1782	
2004年第2期		1784	
2004年第2期		1786	
2004年第2期		1788	
2004年第2期		1790	
2004年第2期		1791	
2004年第2期		1792	
2004年第2期		1794	
2004年第2期		1795	
2004年第2期		1797	
2004年第2期		1798	
2004年第2期		1800	
2004年第2期		1801	
2004年第2期		1802	
2004年第2期		1804	
2004年第2期		1806	
2004年第2期		1807	
2004年第2期		1808	
2004年第2期		1809	
2004年第2期		1811	
2004年第2期		1812	
2004年第2期		1813	
2004年第2期		1815	
2004年第2期		1816	
2004年第2期		1818	
2004年第2期		1819	
2004年第3期		1822	
2004年第3期		1823	
2004年第3期		1825	
2004年第3期		1826	
2004年第3期		1828	
2004年第3期		1829	
2004年第3期		1831	
2004年第3期		1832	
2004年第3期		1834	
2004年第3期		1836	
2004年第3期		1837	
2004年第3期		1838	
2004年第3期		1840	
2004年第3期		1842	
2004年第3期		1843	
2004年第3期		1845	
2004年第3期		1847	
2004年第3期		1848	
2004年第3期		1850	
2004年第3期		1852	
2004年第3期		1853	
2004年第3期		1855	
2004年第3期		1856	
2004年第3期		1858	
2004年第3期		1859	
2004年第3期		1861	
2004年第3期		1862	
2004年第3期		1864	
2004年第3期		1865	
2004年第3期		1867	
2004年第3期		1868	
2004年第3期		1869	
2004年第3期		1870	
2004年第3期		1871	
2004年第3期		1873	
2004年第3期		1874	
2004年第3期		1875	
2004年第3期		1877	
2004年第3期		1878	
2004年第3期		1879	
2004年第3期		1881	
2004年第3期		1882	
2004年第3期		1883	
2004年第4期		1885	
2004年第4期		1887	
2004年第4期		1889	
2004年第4期		1890	
2004年第4期		1891	
2004年第4期		1893	
2004年第4期		1894	
2004年第4期		1896	
2004年第4期		1897	
2004年第4期		1898	
2004年第4期		1900	
2004年第4期		1901	
2004年第4期		1902	
2004年第4期		1904	
2004年第4期		1906	
2004年第4期		1907	
2004年第4期		1908	
2004年第4期		1909	
2004年第4期		1910	
2004年第4期		1912	
2004年第4期		1913	
2004年第4期		1915	
2004年第4期		1917	
2004年第4期		1918	
2004年第4期		1920	
2004年第4期		1921	
2004年第4期		1922	
2004年第4期		1923	
2004年第4期		1925	
2004年第4期		1926	
2004年第4期		1928	
2004年第4期		1929	
2004年第4期		1931	
2004年第4期		1932	
2004年第4期		1933	
2004年第4期		1934	
2004年第4期		1935	
2004年第4期		1936	
2004年第5期		1938	
2004年第5期		1939	
2004年第5期		1941	
2004年第5期		1942	
2004年第5期		1944	
2004年第5期		1946	
2004年第5期		1947	
2004年第5期		1949	
2004年第5期		1950	
2004年第5期		1952	
2004年第5期		1953	
2004年第5期		1954	
2004年第5期		1956	
2004年第5期		1957	
2004年第5期		1958	
2004年第5期		1960	
2004年第5期		1961	
2004年第5期		1962	
2004年第5期		1963	
2004年第5期		1965	
2004年第5期		1966	
2004年第5期		1967	
2004年第5期		1969	
2004年第5期		1970	
2004年第5期		1971	
2004年第5期		1972	
2004年第5期		1978	
2004年第5期		1979	
2004年第5期		1981	
2004年第5期		1982	
2004年第5期		1983	
2004年第5期		1984	
2004年第5期		1985	
2004年第6期		1986	
2004年第6期		1988	
2004年第6期		1989	
2004年第6期		1991	
2004年第6期		1992	
2004年第6期		1993	
2004年第6期		1995	
2004年第6期		1996	
2004年第6期		1998	
2004年第6期		1999	
2004年第6期		2001	
2004年第6期		2002	
2004年第6期		2003	
2004年第6期		2005	
2004年第6期		2006	
2004年第6期		2007	
2004年第6期		2008	
2004年第6期		2010	
2004年第6期		2012	
2004年第6期		2013	
2004年第6期		2015	
2004年第6期		2017	
2004年第6期		2018	
2004年第6期		2020	
2004年第6期		2021	
2004年第6期		2023	
2004年第6期		2025	
2004年第6期		2026	
2004年第6期		2027	
2004年第6期		2028	
2004年第6期		2029	
2004年第6期		2030	
2004年第6期		2031	
2004年第6期		2032	
2004年第6期		2033	
2004年第6期		2034	
2004年第6期		2035	
2005年第1期		2036	
2005年第1期		2037	
2005年第1期		2038	
2005年第1期		2039	
2005年第1期		2040	
2005年第1期		2043	
2005年第1期		2044	
2005年第1期		2046	
2005年第1期		2048	
2005年第1期		2049	
2005年第1期		2051	
2005年第1期		2052	
2005年第1期		2054	
2005年第1期		2055	
2005年第1期		2057	
2005年第1期		2059	
2005年第1期		2060	
2005年第1期		2061	
2005年第1期		2062	
2005年第1期		2064	
2005年第1期		2065	
2005年第1期		2067	
2005年第1期		2068	
2005年第1期		2070	
2005年第1期		2071	
2005年第1期		2073	
2005年第1期		2075	
2005年第1期		2076	
2005年第1期		2078	
2005年第1期		2079	
2005年第1期		2081	
2005年第2期		2083	
2005年第2期		2084	
2005年第2期		2085	
2005年第2期		2086	
2005年第2期		2087	
2005年第2期		2088	
2005年第2期		2089	
2005年第2期		2090	
2005年第2期		2091	
2005年第2期		2092	
2005年第2期		2093	
2005年第2期		2094	
2005年第2期		2095	
2005年第2期		2097	
2005年第2期		2098	
2005年第2期		2100	
2005年第2期		2101	
2005年第2期		2103	
2005年第2期		2105	
2005年第2期		2107	
2005年第2期		2108	
2005年第2期		2109	
2005年第2期		2111	
2005年第2期		2113	
2005年第2期		2114	
2005年第2期		2116	
2005年第3期		2118	
2005年第3期		2120	
2005年第3期		2121	
2005年第3期		2123	
2005年第3期		2124	
2005年第3期		2126	
2005年第3期		2127	
2005年第3期		2128	
2005年第3期		2130	
2005年第3期		2131	
2005年第3期		2133	
2005年第3期		2135	
2005年第3期		2136	
2005年第3期		2138	
2005年第3期		2139	
2005年第3期		2141	
2005年第3期		2142	
2005年第3期		2144	
2005年第3期		2145	
2005年第3期		2146	
2005年第3期		2147	
2005年第3期		2148	
2005年第3期		2149	
2005年第3期		2150	
2005年第3期		2151	
2005年第3期		2152	
2005年第3期		2153	
2005年第3期		2158	
2005年第4期		2161	
2005年第4期		2163	
2005年第4期		2165	
2005年第4期		2166	
2005年第4期		2167	
2005年第4期		2169	
2005年第4期		2171	
2005年第4期		2172	
2005年第4期		2173	
2005年第4期		2174	
2005年第4期		2176	
2005年第4期		2178	
2005年第4期		2180	
2005年第4期		2181	
2005年第4期		2183	
2005年第4期		2185	
2005年第4期		2186	
2005年第4期		2188	
2005年第4期		2189	
2005年第4期		2191	
2005年第4期		2192	
2005年第4期		2194	
2005年第4期		2196	
2005年第4期		2197	
2005年第4期		2199	
2005年第4期		2201	
2005年第4期		2202	
2005年第4期		2204	
2005年第4期		2205	
2005年第4期		2206	
2005年第5期		2209	
2005年第5期		2210	
2005年第5期		2211	
2005年第5期		2212	
2005年第5期		2214	
2005年第5期		2217	
2005年第5期		2218	
2005年第5期		2220	
2005年第5期		2222	
2005年第5期		2225	
2005年第5期		2227	
2005年第5期		2229	
2005年第5期		2231	
2005年第5期		2233	
2005年第5期		2235	
2005年第5期		2237	
2005年第5期		2239	
2005年第5期		2241	
2005年第5期		2242	
2005年第5期		2244	
2005年第5期		2247	
2005年第5期		2249	
2005年第5期		2252	
2005年第5期		2254	
2005年第5期		2257	
2005年第5期		2259	
2005年第5期		2265	
2005年第5期		2267	
2005年第5期		2269	
2005年第5期		2272	
2005年第5期		2274	
2005年第5期		2276	
2005年第5期		2279	
2005年第5期		2281	
2005年第5期		2284	
2005年第5期		2286	
2005年第5期		2287	
2005年第5期		2288	
2005年第6期		2299	
2005年第6期		2300	
2005年第6期		2301	
2005年第6期		2302	
2005年第6期		2303	
2005年第6期		2304	
2005年第6期		2305	
2005年第6期		2306	
2005年第6期		2307	
2005年第6期		2308	
2005年第6期		2309	
2005年第6期		2310	
2005年第6期		2311	
2005年第6期		2312	
2005年第6期		2313	
2005年第6期		2314	
2005年第6期		2315	
2005年第6期		2316	
2005年第6期		2317	
2005年第6期		2318	
2005年第6期		2319	
2005年第6期		2320	
2005年第6期		2321	
2005年第6期		2322	
2005年第6期		2323	
2005年第6期		2324	
2005年第6期		2325	
2005年第6期		2326	
2005年第6期		2327	
2006年第1期		2328	
2006年第1期		2329	
2006年第1期		2330	
2006年第1期		2331	
2006年第1期		2332	
2006年第1期		2333	
2006年第1期		2334	
2006年第1期		2335	
2006年第1期		2336	
2006年第1期		2337	
2006年第1期		2338	
2006年第1期		2339	
2006年第1期		2340	
2006年第1期		2341	
2006年第1期		2342	
2006年第1期		2343	
2006年第1期		2344	
2006年第1期		2345	
2006年第1期		2346	
2006年第1期		2347	
2006年第1期		2348	
2006年第1期		2349	
2006年第1期		2350	
2006年第1期		2351	
2006年第1期		2352	
2006年第1期		2353	
2006年第1期		2354	
2006年第1期		2355	
2006年第1期		2356	
2006年第1期		2357	
2006年第1期		2358	
2006年第1期		2359	
2006年第1期		2360	
2006年第2期		2361	
2006年第2期		2362	
2006年第2期		2363	
2006年第2期		2364	
2006年第2期		2365	
2006年第2期		2366	
2006年第2期		2367	
2006年第2期		2368	
2006年第2期		2369	
2006年第2期		2370	
2006年第2期		2371	
2006年第2期		2372	
2006年第2期		2373	
2006年第2期		2374	
2006年第2期		2375	
2006年第2期		2376	
2006年第2期		2377	
2006年第2期		2378	
2006年第2期		2379	
2006年第2期		2380	
2006年第2期		2381	
2006年第2期		2382	
2006年第2期		2383	
2006年第2期		2384	
2006年第2期		2385	
2006年第2期		2386	
2006年第2期		2387	
2006年第2期		2388	
2006年第3期		2389	
2006年第3期		2390	
2006年第3期		2391	
2006年第3期		2392	
2006年第3期		2393	
2006年第3期		2394	
2006年第3期		2395	
2006年第3期		2396	
2006年第3期		2397	
2006年第3期		2398	
2006年第3期		2399	
2006年第3期		2400	
2006年第3期		2401	
2006年第3期		2402	
2006年第3期		2403	
2006年第3期		2404	
2006年第3期		2405	
2006年第3期		2406	
2006年第3期		2407	
2006年第3期		2408	
2006年第3期		2409	
2006年第3期		2410	
2006年第3期		2411	
2006年第3期		2412	
2006年第3期		2413	
2006年第3期		2414	
2006年第3期		2415	
2006年第3期		2416	
2006年第4期		2417	
2006年第4期		2418	
2006年第4期		2419	
2006年第4期		2420	
2006年第4期		2421	
2006年第4期		2422	
2006年第4期		2423	
2006年第4期		2424	
2006年第4期		2425	
2006年第4期		2426	
2006年第4期		2427	
2006年第4期		2428	
2006年第4期		2429	
2006年第4期		2430	
2006年第4期		2431	
2006年第4期		2432	
2006年第4期		2433	
2006年第4期		2434	
2006年第4期		2435	
2006年第4期		2436	
2006年第4期		2437	
2006年第4期		2438	
2006年第4期		2439	
2006年第4期		2440	
2006年第4期		2441	
2006年第4期		2442	
2006年第4期		2443	
2006年第4期		2444	
2006年第4期		2445	
2006年第4期		2446	
2006年第4期		2447	
2006年第4期		2448	
2006年第4期		2449	
2006年第4期		2450	
2006年第4期		2451	
2006年第5期		2452	
2006年第5期		2453	
2006年第5期		2454	
2006年第5期		2455	
2006年第5期		2456	
2006年第5期		2457	
2006年第5期		2458	
2006年第5期		2459	
2006年第5期		2460	
2006年第5期		2461	
2006年第5期		2462	
2006年第5期		2463	
2006年第5期		2464	
2006年第5期		2465	
2006年第5期		2466	
2006年第5期		2467	
2006年第5期		2468	
2006年第5期		2469	
2006年第5期		2470	
2006年第5期		2471	
2006年第5期		2472	
2006年第5期		2473	
2006年第5期		2474	
2006年第5期		2475	
2006年第5期		2476	
2006年第5期		2477	
2006年第5期		2478	
2006年第5期		2479	
2006年第5期		2480	
2006年第6期		2481	
2006年第6期		2482	
2006年第6期		2483	
2006年第6期		2484	
2006年第6期		2485	
2006年第6期		2486	
2006年第6期		2487	
2006年第6期		2488	
2006年第6期		2489	
2006年第6期		2490	
2006年第6期		2491	
2006年第6期		2492	
2006年第6期		2493	
2006年第6期		2494	
2006年第6期		2495	
2006年第6期		2496	
2006年第6期		2497	
2006年第6期		2498	
2006年第6期		2499	
2006年第6期		2500	
2006年第6期		2501	
2006年第6期		2502	
2006年第6期		2503	
2006年第6期		2504	
2006年第6期		2505	
2006年第6期		2506	
2006年第6期		2507	
2007年第1期		3919	
2007年第1期		3930	
2007年第1期		3931	
2007年第1期		3932	
2007年第1期		3933	
2007年第1期		4006	
2007年第1期		4007	
2007年第1期		4008	
2007年第1期		4009	
2007年第1期		4010	
2007年第1期		4011	
2007年第1期		4012	
2007年第1期		4013	
2007年第1期		4014	
2007年第1期		4015	
2007年第1期		4016	
2007年第1期		4049	
2007年第1期		4050	
2007年第1期		4051	
2007年第1期		4052	
2007年第1期		4053	
2007年第1期		4054	
2007年第1期		4063	
2007年第1期		4075	
2007年第1期		4076	
2007年第1期		4077	
2007年第1期		4078	
2007年第1期		4079	
2007年第1期		4080	
2007年第1期		4081	
2007年第1期		4125	
2007年第1期		4126	
2007年第1期		4127	
2007年第1期		4128	
2007年第1期		4129	
2007年第1期		4130	
2007年第1期		4131	
2007年第1期		4132	
2007年第2期		2509	
2007年第2期		4133	
2007年第2期		4134	
2007年第2期		4135	
2007年第2期		4152	
2007年第2期		4153	
2007年第2期		5421	
2007年第2期		5422	
2007年第2期		5423	
2007年第2期		5424	
2007年第2期		5425	
2007年第2期		5426	
2007年第2期		5428	
2007年第2期		5429	
2007年第2期		5430	
2007年第2期		5431	
2007年第2期		5432	
2007年第2期		5433	
2007年第2期		5438	
2007年第2期		5439	
2007年第2期		5440	
2007年第2期		5441	
2007年第2期		5442	
2007年第2期		5443	
2007年第2期		5444	
2007年第2期		5445	
2007年第2期		5446	
2007年第2期		5448	
2007年第2期		5449	
2007年第2期		5450	
2007年第2期		5451	
2007年第2期		5452	
2007年第2期		5455	
2007年第2期		5594	
2007年第3期		2510	
2007年第3期		5541	
2007年第3期		5542	
2007年第3期		5543	
2007年第3期		5544	
2007年第3期		5545	
2007年第3期		5546	
2007年第3期		5547	
2007年第3期		5548	
2007年第3期		5549	
2007年第3期		5550	
2007年第3期		5551	
2007年第3期		5552	
2007年第3期		5553	
2007年第3期		5554	
2007年第3期		5555	
2007年第3期		5556	
2007年第3期		5557	
2007年第3期		5558	
2007年第3期		5559	
2007年第3期		5560	
2007年第3期		5561	
2007年第3期		5562	
2007年第3期		5563	
2007年第3期		5564	
2007年第3期		5565	
2007年第3期		5567	
2007年第3期		5568	
2007年第3期		5569	
2007年第3期		5570	
2007年第3期		5571	
2007年第3期		5572	
2007年第3期		5573	
2007年第3期		5574	
2007年第3期		5575	
2007年第3期		5576	
2007年第3期		5577	
2007年第3期		5578	
2007年第3期		5579	
2007年第3期		5580	
2007年第3期		5581	
2007年第3期		5583	
2007年第4期		2511	
2007年第4期		5456	
2007年第4期		5457	
2007年第4期		5458	
2007年第4期		5459	
2007年第4期		5460	
2007年第4期		5461	
2007年第4期		5462	
2007年第4期		5463	
2007年第4期		5464	
2007年第4期		5465	
2007年第4期		5466	
2007年第4期		5467	
2007年第4期		5468	
2007年第4期		5469	
2007年第4期		5470	
2007年第4期		5471	
2007年第4期		5472	
2007年第4期		5473	
2007年第4期		5475	
2007年第4期		5476	
2007年第4期		5477	
2007年第4期		5478	
2007年第4期		5482	
2007年第4期		5484	
2007年第4期		5485	
2007年第4期		5487	
2007年第4期		5488	
2007年第4期		5489	
2007年第4期		5490	
2007年第4期		5491	
2007年第4期		5492	
2007年第4期		5493	
2007年第4期		5494	
2007年第4期		5495	
2007年第4期		5496	
2007年第4期		5497	
2007年第4期		5498	
2007年第4期		5499	
2007年第4期		5500	
2007年第4期		5501	
2007年第4期		5502	
2007年第4期		5503	
2007年第4期		5504	
2007年第4期		5505	
2007年第5期		2512	
2007年第5期		5612	
2007年第5期		5613	
2007年第5期		5614	
2007年第5期		5615	
2007年第5期		5616	
2007年第5期		5617	
2007年第5期		5618	
2007年第5期		5619	
2007年第5期		5620	
2007年第5期		5621	
2007年第5期		5622	
2007年第5期		5623	
2007年第5期		5624	
2007年第5期		5625	
2007年第5期		5626	
2007年第5期		5627	
2007年第5期		5628	
2007年第5期		5629	
2007年第5期		5630	
2007年第5期		5631	
2007年第5期		5632	
2007年第5期		5633	
2007年第5期		5634	
2007年第5期		5635	
2007年第5期		5636	
2007年第5期		5637	
2007年第5期		5638	
2007年第5期		5639	
2007年第5期		5640	
2007年第5期		5641	
2007年第5期		5642	
2007年第5期		5643	
2007年第5期		5644	
2007年第5期		5645	
2007年第5期		5646	
2007年第5期		5652	
2007年第6期		2513	
2008年第1期		2514	
2008年第1期		5506	
2008年第1期		5507	
2008年第1期		5508	
2008年第1期		5509	
2008年第1期		5510	
2008年第1期		5511	
2008年第1期		5512	
2008年第1期		5513	
2008年第1期		5514	
2008年第1期		5515	
2008年第1期		5516	
2008年第1期		5517	
2008年第1期		5518	
2008年第1期		5519	
2008年第1期		5520	
2008年第1期		5522	
2008年第1期		5523	
2008年第1期		5524	
2008年第1期		5525	
2008年第1期		5526	
2008年第1期		5528	
2008年第1期		5529	
2008年第1期		5530	
2008年第1期		5532	
2008年第1期		5533	
2008年第1期		5534	
2008年第1期		5535	
2008年第1期		5536	
2008年第1期		5537	
2008年第1期		5584	
2008年第1期		5585	
2008年第1期		5586	
2008年第1期		5587	
2008年第1期		5588	
2008年第1期		5589	
2008年第1期		5590	
2008年第1期		5591	
2008年第1期		5592	
2008年第1期		5593	
2008年第2期		2516	
2008年第2期		6322	
2008年第2期		6323	
2008年第2期		6324	
2008年第2期		6325	
2008年第2期		6326	
2008年第2期		6327	
2008年第2期		6328	
2008年第2期		6329	
2008年第2期		6330	
2008年第2期		6331	
2008年第2期		6332	
2008年第2期		6333	
2008年第2期		6334	
2008年第2期		6335	
2008年第2期		6336	
2008年第2期		6337	
2008年第2期		6338	
2008年第2期		6339	
2008年第2期		6340	
2008年第2期		6341	
2008年第2期		6342	
2008年第2期		6343	
2008年第2期		6344	
2008年第2期		6345	
2008年第2期		6346	
2008年第2期		6347	
2008年第2期		6348	
2008年第2期		6349	
2008年第2期		6350	
2008年第2期		6351	
2008年第2期		6352	
2008年第2期		6353	
2008年第2期		6354	
2008年第2期		6355	
2008年第2期		6356	
2008年第2期		6358	
2008年第2期		6359	
2008年第2期		6360	
2008年第2期		6361	
2008年第2期		6362	
2008年第3期		2519	
2008年第3期		5676	
2008年第3期		5677	
2008年第3期		5678	
2008年第3期		5679	
2008年第3期		5680	
2008年第3期		5681	
2008年第3期		5682	
2008年第3期		5683	
2008年第3期		5684	
2008年第3期		5685	
2008年第3期		5686	
2008年第3期		5687	
2008年第3期		5688	
2008年第3期		5689	
2008年第3期		5690	
2008年第3期		5691	
2008年第3期		5692	
2008年第3期		5693	
2008年第3期		5694	
2008年第3期		5697	
2008年第3期		5698	
2008年第3期		5699	
2008年第3期		5700	
2008年第3期		5701	
2008年第3期		5702	
2008年第3期		5703	
2008年第3期		5704	
2008年第3期		5705	
2008年第3期		5706	
2008年第3期		5707	
2008年第3期		5708	
2008年第3期		5709	
2008年第3期		5710	
2008年第3期		5711	
2008年第3期		5712	
2008年第3期		5713	
2008年第3期		5714	
2008年第3期		5715	
2008年第3期		5716	
2008年第3期		5717	
2008年第4期		3859	
2008年第5期		3850	
2008年第6期		3851	
2008年第6期		5718	
2008年第6期		5719	
2008年第6期		5720	
2008年第6期		5721	
2008年第6期		5722	
2008年第6期		5723	
2008年第6期		5724	
2008年第6期		5725	
2008年第6期		5726	
2008年第6期		5727	
2008年第6期		5728	
2008年第6期		5729	
2008年第6期		5730	
2008年第6期		5731	
2008年第6期		5732	
2008年第6期		5733	
2008年第6期		5734	
2008年第6期		5735	
2008年第6期		5736	
2008年第6期		5737	
2008年第6期		5738	
2008年第6期		5739	
2008年第6期		5740	
2008年第6期		5741	
2008年第6期		5742	
2008年第6期		5743	
2008年第6期		5744	
2008年第6期		5745	
2008年第6期		5746	
2008年第6期		5747	
2008年第6期		5748	
2008年第6期		5749	
2008年第6期		5750	
2008年第6期		5751	
2008年第6期		5752	
2008年第6期		5753	
2009年第1期		3848	
2009年第1期		5763	
2009年第1期		5764	
2009年第1期		5765	
2009年第1期		5766	
2009年第1期		5767	
2009年第1期		5768	
2009年第1期		5769	
2009年第1期		5770	
2009年第1期		5771	
2009年第1期		5772	
2009年第1期		5773	
2009年第1期		5774	
2009年第1期		5775	
2009年第1期		5776	
2009年第1期		5777	
2009年第1期		5778	
2009年第1期		5779	
2009年第1期		5780	
2009年第1期		5781	
2009年第1期		5782	
2009年第1期		5783	
2009年第1期		5784	
2009年第1期		5785	
2009年第1期		5786	
2009年第1期		5787	
2009年第1期		5788	
2009年第1期		5789	
2009年第1期		5790	
2009年第1期		5791	
2009年第1期		5792	
2009年第1期		5793	
2009年第1期		5794	
2009年第1期		5795	
2009年第1期		5796	
2009年第1期		5797	
2009年第1期		5798	
2009年第1期		5799	
2009年第2期		3849	
2009年第2期		5811	
2009年第2期		5812	
2009年第2期		5813	
2009年第2期		5814	
2009年第2期		5815	
2009年第2期		5816	
2009年第2期		5817	
2009年第2期		5818	
2009年第2期		5819	
2009年第2期		5820	
2009年第2期		5821	
2009年第2期		5822	
2009年第2期		5823	
2009年第2期		5824	
2009年第2期		5825	
2009年第2期		5826	
2009年第2期		5827	
2009年第2期		5828	
2009年第2期		5829	
2009年第2期		5830	
2009年第2期		5831	
2009年第2期		5832	
2009年第2期		5833	
2009年第2期		5834	
2009年第2期		5835	
2009年第2期		5836	
2009年第2期		5837	
2009年第2期		5838	
2009年第2期		5839	
2009年第2期		5840	
2009年第2期		5841	
2009年第2期		5842	
2009年第2期		5843	
2009年第2期		5844	
2009年第2期		5845	
2009年第2期		5846	
2009年第2期		5847	
2009年第2期		5848	
2009年第2期		5849	
2009年第2期		5850	
2009年第3期		4162	
2009年第3期		5853	
2009年第3期		5854	
2009年第3期		5855	
2009年第3期		5856	
2009年第3期		5857	
2009年第3期		5858	
2009年第3期		5859	
2009年第3期		5860	
2009年第3期		5861	
2009年第3期		5862	
2009年第3期		5863	
2009年第3期		5864	
2009年第3期		5865	
2009年第3期		5872	
2009年第3期		5873	
2009年第3期		5874	
2009年第3期		5875	
2009年第3期		5876	
2009年第3期		5877	
2009年第3期		5878	
2009年第3期		5879	
2009年第3期		5880	
2009年第3期		5881	
2009年第3期		5882	
2009年第3期		5883	
2009年第3期		5884	
2009年第3期		5885	
2009年第3期		5886	
2009年第3期		5887	
2009年第3期		5888	
2009年第3期		5889	
2009年第3期		5890	
2009年第3期		5891	
2009年第3期		5892	
2009年第3期		5893	
2009年第3期		5894	
2009年第3期		5895	
2009年第3期		5896	
2009年第4期		4380	
2009年第4期		5902	
2009年第4期		5903	
2009年第4期		5904	
2009年第4期		5905	
2009年第4期		5906	
2009年第4期		5907	
2009年第4期		5908	
2009年第4期		5909	
2009年第4期		5910	
2009年第4期		5911	
2009年第4期		5912	
2009年第4期		5913	
2009年第4期		5914	
2009年第4期		5915	
2009年第4期		5916	
2009年第4期		5917	
2009年第4期		5918	
2009年第4期		5919	
2009年第4期		5920	
2009年第4期		5921	
2009年第4期		5922	
2009年第4期		5923	
2009年第4期		5924	
2009年第4期		5925	
2009年第4期		5926	
2009年第4期		5927	
2009年第4期		5928	
2009年第4期		5929	
2009年第4期		5930	
2009年第4期		5931	
2009年第4期		5932	
2009年第4期		5933	
2009年第4期		5934	
2009年第4期		5935	
2009年第4期		5936	
2009年第4期		5937	
2009年第4期		5938	
2009年第4期		5939	
2009年第4期		5940	
2009年第4期		5941	
2009年第5期		4557	
2009年第5期		5945	
2009年第5期		5946	
2009年第5期		5947	
2009年第5期		5948	
2009年第5期		5949	
2009年第5期		5950	
2009年第5期		5951	
2009年第5期		5952	
2009年第5期		5953	
2009年第5期		5954	
2009年第5期		5955	
2009年第5期		5956	
2009年第5期		5957	
2009年第5期		5958	
2009年第5期		5961	
2009年第5期		5962	
2009年第5期		5963	
2009年第5期		5964	
2009年第5期		5965	
2009年第5期		5966	
2009年第5期		5967	
2009年第5期		5968	
2009年第5期		5969	
2009年第5期		5970	
2009年第5期		5971	
2009年第5期		5972	
2009年第5期		5973	
2009年第5期		5974	
2009年第5期		5975	
2009年第5期		5976	
2009年第5期		5977	
2009年第5期		5978	
2009年第5期		5979	
2009年第5期		5980	
2009年第5期		5981	
2009年第5期		5982	
2009年第5期		5983	
2009年第6期		4631	
2009年第6期		5986	
2009年第6期		5987	
2009年第6期		5988	
2009年第6期		5989	
2009年第6期		5990	
2009年第6期		5991	
2009年第6期		5992	
2009年第6期		5993	
2009年第6期		5994	
2009年第6期		5995	
2009年第6期		5996	
2009年第6期		6001	
2009年第6期		6002	
2009年第6期		6003	
2009年第6期		6004	
2009年第6期		6005	
2009年第6期		6006	
2009年第6期		6007	
2009年第6期		6008	
2009年第6期		6009	
2009年第6期		6010	
2009年第6期		6011	
2009年第6期		6012	
2009年第6期		6013	
2009年第6期		6014	
2009年第6期		6015	
2009年第6期		6016	
2009年第6期		6017	
2009年第6期		6018	
2009年第6期		6019	
2009年第6期		6020	
2009年第6期		6021	
2009年第6期		6022	
2009年第6期		6023	
2009年第6期		6024	
2009年第6期		6025	
2009年第6期		6027	
2009年第6期		6028	
2010年第1期		5121	
2010年第1期		6031	
2010年第1期		6032	
2010年第1期		6033	
2010年第1期		6034	
2010年第1期		6035	
2010年第1期		6036	
2010年第1期		6037	
2010年第1期		6038	
2010年第1期		6039	
2010年第1期		6040	
2010年第1期		6041	
2010年第1期		6042	
2010年第1期		6043	
2010年第1期		6044	
2010年第1期		6045	
2010年第1期		6046	
2010年第1期		6047	
2010年第1期		6048	
2010年第1期		6049	
2010年第1期		6050	
2010年第1期		6051	
2010年第1期		6052	
2010年第1期		6053	
2010年第1期		6054	
2010年第1期		6055	
2010年第1期		6056	
2010年第1期		6057	
2010年第1期		6058	
2010年第1期		6060	
2010年第1期		6061	
2010年第1期		6062	
2010年第1期		6063	
2010年第1期		6064	
2010年第2期		5122	
2010年第2期		6074	
2010年第2期		6075	
2010年第2期		6076	
2010年第2期		6077	
2010年第2期		6078	
2010年第2期		6079	
2010年第2期		6080	
2010年第2期		6081	
2010年第2期		6082	
2010年第2期		6083	
2010年第2期		6084	
2010年第2期		6085	
2010年第2期		6086	
2010年第2期		6087	
2010年第2期		6088	
2010年第2期		6089	
2010年第2期		6091	
2010年第2期		6092	
2010年第2期		6093	
2010年第2期		6094	
2010年第2期		6095	
2010年第2期		6096	
2010年第2期		6097	
2010年第2期		6098	
2010年第2期		6099	
2010年第2期		6100	
2010年第2期		6101	
2010年第2期		6102	
2010年第2期		6103	
2010年第2期		6104	
2010年第2期		6105	
2010年第3期		5123	
2010年第3期		6130	
2010年第3期		6131	
2010年第3期		6132	
2010年第3期		6133	
2010年第3期		6134	
2010年第3期		6135	
2010年第3期		6136	
2010年第3期		6137	
2010年第3期		6138	
2010年第3期		6139	
2010年第3期		6140	
2010年第3期		6141	
2010年第3期		6142	
2010年第3期		6143	
2010年第3期		6144	
2010年第3期		6145	
2010年第3期		6146	
2010年第3期		6147	
2010年第3期		6148	
2010年第3期		6149	
2010年第3期		6150	
2010年第3期		6151	
2010年第3期		6152	
2010年第3期		6153	
2010年第3期		6154	
2010年第3期		6155	
2010年第3期		6156	
2010年第3期		6158	
2010年第3期		6159	
2010年第3期		6160	
2010年第3期		6161	
2010年第3期		6162	
2010年第3期		6163	
2010年第3期		6164	
2010年第3期		6165	
2010年第3期		6166	
2010年第3期		6167	
2010年第3期		6168	
2010年第3期		6169	
2010年第3期		6170	
2010年第3期		6171	
2010年第3期		6172	
2010年第4期		5228	
2010年第4期		6197	
2010年第4期		6198	
2010年第4期		6199	
2010年第4期		6200	
2010年第4期		6201	
2010年第4期		6202	
2010年第4期		6203	
2010年第4期		6204	
2010年第4期		6205	
2010年第4期		6206	
2010年第4期		6207	
2010年第4期		6208	
2010年第4期		6209	
2010年第4期		6210	
2010年第4期		6211	
2010年第4期		6212	
2010年第4期		6213	
2010年第4期		6214	
2010年第4期		6215	
2010年第4期		6216	
2010年第4期		6217	
2010年第4期		6218	
2010年第4期		6219	
2010年第4期		6220	
2010年第4期		6221	
2010年第4期		6222	
2010年第4期		6223	
2010年第4期		6224	
2010年第5期		5360	
2010年第5期		6227	
2010年第5期		6228	
2010年第5期		6229	
2010年第5期		6230	
2010年第5期		6231	
2010年第5期		6232	
2010年第5期		6233	
2010年第5期		6234	
2010年第5期		6235	
2010年第5期		6236	
2010年第5期		6237	
2010年第5期		6238	
2010年第5期		6239	
2010年第5期		6240	
2010年第5期		6241	
2010年第5期		6242	
2010年第5期		6243	
2010年第5期		6244	
2010年第5期		6245	
2010年第5期		6246	
2010年第5期		6247	
2010年第5期		6248	
2010年第5期		6249	
2010年第5期		6250	
2010年第5期		6251	
2010年第5期		6252	
2010年第5期		6253	
2010年第5期		6254	
2010年第5期		6255	
2010年第6期		5653	
2010年第6期		6259	
2010年第6期		6260	
2010年第6期		6261	
2010年第6期		6262	
2010年第6期		6263	
2010年第6期		6264	
2010年第6期		6265	
2010年第6期		6266	
2010年第6期		6267	
2010年第6期		6269	
2010年第6期		6270	
2010年第6期		6271	
2010年第6期		6272	
2010年第6期		6273	
2010年第6期		6274	
2010年第6期		6275	
2010年第6期		6276	
2010年第6期		6277	
2010年第6期		6278	
2010年第6期		6279	
2010年第6期		6280	
2010年第6期		6281	
2010年第6期		6282	
2010年第6期		6283	
2010年第6期		6284	
2010年第6期		6285	
2010年第6期		6286	
2010年第6期		6287	
2010年第6期		6288	
2010年第6期		6289	
2011年第1期		6364	
2011年第1期		6454	
2011年第1期		6455	
2011年第1期		6456	
2011年第1期		6457	
2011年第1期		6458	
2011年第1期		6459	
2011年第1期		6460	
2011年第1期		6461	
2011年第1期		6462	
2011年第1期		6463	
2011年第1期		6464	
2011年第1期		6465	
2011年第1期		6466	
2011年第1期		6467	
2011年第1期		6468	
2011年第1期		6469	
2011年第1期		6470	
2011年第1期		6471	
2011年第1期		6472	
2011年第1期		6473	
2011年第1期		6474	
2011年第1期		6475	
2011年第1期		6476	
2011年第1期		6477	
2011年第1期		6478	
2011年第1期		6479	
2011年第1期		6480	
2011年第1期		6481	
2011年第1期		6482	
2011年第1期		6483	
2011年第2期		6710	
2011年第2期		6714	
2011年第2期		6715	
2011年第2期		6716	
2011年第2期		6717	
2011年第2期		6718	
2011年第2期		6719	
2011年第2期		6720	
2011年第2期		6721	
2011年第2期		6722	
2011年第2期		6723	
2011年第2期		6724	
2011年第2期		6727	
2011年第2期		6728	
2011年第2期		6729	
2011年第2期		6730	
2011年第2期		6731	
2011年第2期		6732	
2011年第2期		6733	
2011年第2期		6734	
2011年第2期		6735	
2011年第2期		6736	
2011年第2期		6737	
2011年第2期		6738	
2011年第2期		6739	
2011年第2期		6740	
2011年第2期		6741	
2011年第2期		6742	
2011年第2期		6743	
2011年第2期		6744	
2011年第2期		6745	
2011年第2期		6746	
2011年第2期		6748	
2011年第3期		6806	
2011年第3期		6879	
2011年第3期		6880	
2011年第3期		6881	
2011年第3期		6882	
2011年第3期		6883	
2011年第3期		6884	
2011年第3期		6885	
2011年第3期		6886	
2011年第3期		6887	
2011年第3期		6888	
2011年第3期		6889	
2011年第3期		6890	
2011年第3期		6891	
2011年第3期		6892	
2011年第3期		6893	
2011年第3期		6894	
2011年第3期		6895	
2011年第3期		6898	
2011年第3期		6899	
2011年第3期		6900	
2011年第3期		6902	
2011年第3期		6903	
2011年第3期		6904	
2011年第3期		6905	
2011年第3期		6906	
2011年第3期		6907	
2011年第3期		6908	
2011年第3期		6909	
2011年第3期		6910	
2011年第3期		6911	
2011年第3期		6912	
2011年第3期		6913	
2011年第3期		6914	
2011年第3期		6915	
2011年第3期		6916	
2011年第3期		6917	
2011年第4期		7298	
2011年第4期		7447	
2011年第4期		7448	
2011年第4期		7449	
2011年第4期		7450	
2011年第4期		7451	
2011年第4期		7452	
2011年第4期		7453	
2011年第4期		7454	
2011年第4期		7455	
2011年第4期		7456	
2011年第4期		7457	
2011年第4期		7458	
2011年第4期		7459	
2011年第4期		7460	
2011年第4期		7461	
2011年第4期		7462	
2011年第4期		7463	
2011年第4期		7464	
2011年第4期		7465	
2011年第4期		7466	
2011年第4期		7467	
2011年第4期		7468	
2011年第4期		7469	
2011年第4期		7470	
2011年第4期		7471	
2011年第4期		7472	
2011年第4期		7473	
2011年第5期		7302	
2011年第6期		7389	
2011年第6期		7485	
2011年第6期		7486	
2011年第6期		7487	
2011年第6期		7488	
2011年第6期		7489	
2011年第6期		7490	
2011年第6期		7491	
2011年第6期		7492	
2011年第6期		7493	
2011年第6期		7494	
2011年第6期		7495	
2011年第6期		7496	
2011年第6期		7497	
2011年第6期		7498	
2011年第6期		7499	
2011年第6期		7500	
2011年第6期		7501	
2011年第6期		7502	
2011年第6期		7503	
2011年第6期		7506	
2011年第6期		7507	
2011年第6期		7508	
2011年第6期		7509	
2011年第6期		7510	
2011年第6期		7511	
2011年第6期		7512	
2011年第6期		7513	
2011年第6期		7514	
2011年第6期		7515	
2011年第6期		7516	
2011年第6期		7517	
2011年第6期		7518	
2011年第6期		7519	
2011年第6期		7520	
2012年第1期		7582	
2012年第2期		7680	
2012年第3期		7681	

1962年第1期	第01期(1962年08月)	1354	
1962年第1期	第01期(1962年08月)	1355	
1962年第1期	第01期(1962年08月)	1366	
1962年第1期	第01期(1962年08月)	1367	
1962年第1期	第01期(1962年08月)	1368	
1962年第1期	第01期(1962年08月)	1369	
1962年第1期	第01期(1962年08月)	4144	

1963年第1期	第02期(1963年03月)	1370	
1963年第1期	第02期(1963年03月)	1385	
1963年第1期	第02期(1963年03月)	1386	
1963年第1期	第02期(1963年03月)	4178	
1963年第1期	第02期(1963年03月)	4182	
1963年第1期	第02期(1963年03月)	4183	

1963年第2期	第03期(1963年10月)	1401	
1963年第2期	第03期(1963年10月)	1402	
1963年第2期	第03期(1963年10月)	1403	
1963年第2期	第03期(1963年10月)	1407	
1963年第2期	第03期(1963年10月)	1408	

1964年第1期	第04期(1964年10月)	1409	
1964年第1期	第04期(1964年10月)	1410	
1964年第1期	第04期(1964年10月)	1411	
1964年第1期	第04期(1964年10月)	1412	

1980年第1期	第05期(1980年07月)	1413	
1980年第1期	第05期(1980年07月)	1414	
1980年第1期	第05期(1980年07月)	1415	
1980年第1期	第05期(1980年07月)	1416	
1980年第1期	第05期(1980年07月)	1417	
1980年第1期	第05期(1980年07月)	1418	
1980年第1期	第05期(1980年07月)	1419	
1980年第1期	第05期(1980年07月)	1420	
1980年第1期	第05期(1980年07月)	1421	
1980年第1期	第05期(1980年07月)	1422	
1980年第1期	第05期(1980年07月)	1423	
1980年第1期	第05期(1980年07月)	1424	
1980年第1期	第05期(1980年07月)	1425	
1980年第1期	第05期(1980年07月)	1426	
1980年第1期	第05期(1980年07月)	1428	
1980年第1期	第05期(1980年07月)	1429	
1980年第1期	第05期(1980年07月)	1430	

1980年第2期	第06期(1980年11月)	1431	
1980年第2期	第06期(1980年11月)	1432	
1980年第2期	第06期(1980年11月)	1433	
1980年第2期	第06期(1980年11月)	1434	
1980年第2期	第06期(1980年11月)	1436	
1980年第2期	第06期(1980年11月)	1437	

1981年第1期	第07期(1981年07月)	1438	
1981年第1期	第07期(1981年07月)	1439	
1981年第1期	第07期(1981年07月)	1440	
1981年第1期	第07期(1981年07月)	4164	
1981年第1期	第07期(1981年07月)	4165	
1981年第1期	第07期(1981年07月)	4166	

1981年第2期	第08期(1981年12月)	1446	
1981年第2期	第08期(1981年12月)	1447	
1981年第2期	第08期(1981年12月)	1448	
1981年第2期	第08期(1981年12月)	1449	
1981年第2期	第08期(1981年12月)	1450	
1981年第2期	第08期(1981年12月)	1456	
1981年第2期	第08期(1981年12月)	1457	
1981年第2期	第08期(1981年12月)	1458	

1982年第1期	第09期(1982年03月)	1459	
1982年第1期	第09期(1982年03月)	1471	
1982年第1期	第09期(1982年03月)	1472	
1982年第1期	第09期(1982年03月)	4184	
1982年第1期	第09期(1982年03月)	4185	
1982年第1期	第09期(1982年03月)	4187	
1982年第1期	第09期(1982年03月)	4188	

1982年第2期	第10期(1982年11月)	1473	
1982年第2期	第10期(1982年11月)	1474	
1982年第2期	第10期(1982年11月)	1475	
1982年第2期	第10期(1982年11月)	1476	
1982年第2期	第10期(1982年11月)	1477	
1982年第2期	第10期(1982年11月)	1478	
1982年第2期	第10期(1982年11月)	1479	
1982年第2期	第10期(1982年11月)	1480	
1982年第2期	第10期(1982年11月)	1481	
1982年第2期	第10期(1982年11月)	4191	

1983年第1期	第11期(1983年03月)	1496	
1983年第1期	第11期(1983年03月)	1497	
1983年第1期	第11期(1983年03月)	4193	
1983年第1期	第11期(1983年03月)	4194	
1983年第1期	第11期(1983年03月)	4196	
1983年第1期	第11期(1983年03月)	4198	

1983年第2期	第12期(1983年09月)	1510	
1983年第2期	第12期(1983年09月)	1511	
1983年第2期	第12期(1983年09月)	1512	
1983年第2期	第12期(1983年09月)	4200	
1983年第2期	第12期(1983年09月)	4201	
1983年第2期	第12期(1983年09月)	4202	
1983年第2期	第12期(1983年09月)	4203	

1984年第1期	第13期(1984年02月)	1534	
1984年第1期	第13期(1984年02月)	1543	
1984年第1期	第13期(1984年02月)	1544	
1984年第1期	第13期(1984年02月)	1545	
1984年第1期	第13期(1984年02月)	1546	
1984年第1期	第13期(1984年02月)	1547	
1984年第1期	第13期(1984年02月)	4204	
1984年第1期	第13期(1984年02月)	4205	
1984年第1期	第13期(1984年02月)	4209	
1984年第1期	第13期(1984年02月)	4210	

1984年第2期	第14期(1984年06月)	1577	
1984年第2期	第14期(1984年06月)	1578	
1984年第2期	第14期(1984年06月)	1579	
1984年第2期	第14期(1984年06月)	1580	
1984年第2期	第14期(1984年06月)	1581	
1984年第2期	第14期(1984年06月)	4212	
1984年第2期	第14期(1984年06月)	4214	
1984年第2期	第14期(1984年06月)	4215	

1984年第3期	第15期(1984年10月)	1589	
1984年第3期	第15期(1984年10月)	1590	
1984年第3期	第15期(1984年10月)	1591	
1984年第3期	第15期(1984年10月)	1685	
1984年第3期	第15期(1984年10月)	1686	
1984年第3期	第15期(1984年10月)	1687	
1984年第3期	第15期(1984年10月)	1688	

1985年第1期	第16期(1985年03月)	1608	
1985年第1期	第16期(1985年03月)	1609	
1985年第1期	第16期(1985年03月)	1610	
1985年第1期	第16期(1985年03月)	1611	
1985年第1期	第16期(1985年03月)	1612	
1985年第1期	第16期(1985年03月)	1613	
1985年第1期	第16期(1985年03月)	1614	
1985年第1期	第16期(1985年03月)	1615	
1985年第1期	第16期(1985年03月)	1616	
1985年第1期	第16期(1985年03月)	1617	
1985年第1期	第16期(1985年03月)	1618	
1985年第1期	第16期(1985年03月)	1619	
1985年第1期	第16期(1985年03月)	1620	

1985年第2期	第17期(1985年09月)	

1986年第1期	第18期(1986年01月)	1639	
1986年第1期	第18期(1986年01月)	1640	
1986年第1期	第18期(1986年01月)	1641	
1986年第1期	第18期(1986年01月)	1642	
1986年第1期	第18期(1986年01月)	1643	
1986年第1期	第18期(1986年01月)	1644	
1986年第1期	第18期(1986年01月)	1645	
1986年第1期	第18期(1986年01月)	1646	
1986年第1期	第18期(1986年01月)	1647	
1986年第1期	第18期(1986年01月)	1648	
1986年第1期	第18期(1986年01月)	1649	

1986年第2期	第19期(1986年06月)	1655	
1986年第2期	第19期(1986年06月)	1656	
1986年第2期	第19期(1986年06月)	1657	
1986年第2期	第19期(1986年06月)	1658	
1986年第2期	第19期(1986年06月)	1659	
1986年第2期	第19期(1986年06月)	1660	

1986年第3期	第20期(1986年11月)	1671	
1986年第3期	第20期(1986年11月)	1672	
1986年第3期	第20期(1986年11月)	1673	
1986年第3期	第20期(1986年11月)	1674	
1986年第3期	第20期(1986年11月)	1675	
1986年第3期	第20期(1986年11月)	1676	
