1980	www.taoist.org.cn
1981	www.taoist.org.cn
1982	www.taoist.org.cn
1983	www.taoist.org.cn
1984	www.taoist.org.cn
1985	www.taoist.org.cn
1986	www.taoist.org.cn
1987	www.taoist.org.cn
1988	www.taoist.org.cn
1989	www.taoist.org.cn
1990	www.taoist.org.cn
1991	www.taoist.org.cn
1992	www.taoist.org.cn
1993	www.taoist.org.cn
1994	www.taoist.org.cn
1995	www.taoist.org.cn
1996	www.taoist.org.cn
1997	www.taoist.org.cn
1998	www.chinataoism.org
1999	www.chinataoism.org
2000	www.chinataoism.org
2001	www.chinataoism.org
2002	www.chinataoism.org
2003	www.chinataoism.org
2004	www.taoist.org.cn
2005	www.taoist.org.cn
2006	www.taoist.org.cn
2007	www.taoist.org.cn
2008	www.eywedu.com
2009	www.taoist.org.cn
2010	www.taoist.org.cn
2011	www.taoist.org.cn
